2023/11/05 10:03:03

Detect 1 devices.

On Device 0.
--------------------------------------------------------------------------------
Identify Controller (summary), CntlHandle = 000055E619716CD0h
    PCI Vendor ID                                   : 144Dh
    Serial Number                                   : S4YNNA0R302097
    Model Number                                    : SAMSUNG MZWLJ1T9HBJR-00007
    Firmware Revision                               : EPK9GB5Q
    Controller Identifier (CNTLID)                  : 0041h
    Memory Page Size                                : 4096
    MDTS                                            : 020000h
    Support Virtalization Management                : 1
    Support Namespace Management                    : 1
    Support FW Commit/Download                      : 1
    Support Format NVM                              : 1
    Support Sec. Send/Receive                       : 1
    Firmware Updates                                : 17h
    Firmware Update Granularity                     : 255
    Support Verify command                          : 0
    Support Reservations                            : 1
    Support Write Zeroes command                    : 1
    Support Dataset Management                      : 1
    Support Write Uncorrectable command             : 1
    Support Compare command                         : 1
    Total NVM Capacity                              : 1920383410176
    Unallocated NVM Capacity                        : 1860253868032
    Max. value of a valid NSID (NN)                 : 32
    Valid NSID List                                 : {1}
    Admin SQ Size                                   : 64
    Number of IO SQs                                : 4
    IO SQ Size                                      : 256
--------------------------------------------------------------------------------

--------------------------------------------------------------------------------
Identify Namespace-1 (summary)
    Namespace Size (NSZE)                           : 0000000001000000h
    Namespace Capacity (NCAP)                       : 0000000001000000h
    Namespace Utilization (NUSE)                    : 0000000001000000h
    Number of LBA Formats (NLBAF) (0's based)       : 04h
    LBA Data Size                                   : 512
    MetaData Size                                   : 0
    ExtLBA Data Size                                : 512
    Support MetaData Tx. After LBA Data             : 1
    Support MetaData Tx. Separately                 : 1
    Max Data Tranfer Size in LBA                    : 256
    LBAF0 Data Size                                 : 9
    LBAF0 Metadata Size                             : 0
    LBAF1 Data Size                                 : 9
    LBAF1 Metadata Size                             : 8
    LBAF2 Data Size                                 : 12
    LBAF2 Metadata Size                             : 0
    LBAF3 Data Size                                 : 12
    LBAF3 Metadata Size                             : 8
    LBAF4 Data Size                                 : 12
    LBAF4 Metadata Size                             : 64
--------------------------------------------------------------------------------

--------------------------------------------------------------------------------
Identify Namespace-FFFFFFFFh (summary)
    Namespace Size (NSZE)                           : 0000000000000000h
    Namespace Capacity (NCAP)                       : 0000000000000000h
    Namespace Utilization (NUSE)                    : 0000000000000000h
    Number of LBA Formats (NLBAF) (0's based)       : 04h
    LBA Data Size                                   : 512
    MetaData Size                                   : 0
    ExtLBA Data Size                                : 512
    Support MetaData Tx. After LBA Data             : 1
    Support MetaData Tx. Separately                 : 1
    Max Data Tranfer Size in LBA                    : 256
    LBAF0 Data Size                                 : 9
    LBAF0 Metadata Size                             : 0
    LBAF1 Data Size                                 : 9
    LBAF1 Metadata Size                             : 8
    LBAF2 Data Size                                 : 12
    LBAF2 Metadata Size                             : 0
    LBAF3 Data Size                                 : 12
    LBAF3 Metadata Size                             : 8
    LBAF4 Data Size                                 : 12
    LBAF4 Metadata Size                             : 64
--------------------------------------------------------------------------------

Info: disable all virtual functions

2023/11/05 10:03:04
Info: delete all namespaces on Device 0 ...
	On namespace 1:
	Attached controller list = {0041h}
	Detach controllers from namespace 1 ...
	Delete namespace 1 ...

	On namespace 2:
	Attached controller list = {0001h}
	Detach controllers from namespace 2 ...
	Delete namespace 2 ...

	On namespace 3:
	Attached controller list = {0002h}
	Detach controllers from namespace 3 ...
	Delete namespace 3 ...

	On namespace 4:
	Attached controller list = {0003h}
	Detach controllers from namespace 4 ...
	Delete namespace 4 ...

	On namespace 5:
	Attached controller list = {0004h}
	Detach controllers from namespace 5 ...
	Delete namespace 5 ...

	On namespace 6:
	Attached controller list = {0005h}
	Detach controllers from namespace 6 ...
	Delete namespace 6 ...

	On namespace 7:
	Attached controller list = {0006h}
	Detach controllers from namespace 7 ...
	Delete namespace 7 ...

Info: set VFs of PF (handle=000055E619716CD0h CNTLID=0041h) offline ...
Info: free VFs, belonging to PF (handle=000055E619716CD0h CNTLID=0041h), flexible resources ...

   !!! Test Finish !!!

2023/11/05 10:04:36
